<?xml version="1.0" encoding="UTF-8"?>
<testng-results skipped="0" failed="0" ignored="0" total="0" passed="0">
  <reporter-output>
  </reporter-output>
  <suite name="TestMaven.Report.TestCase" duration-ms="0" started-at="2018-06-21T13:37:50Z" finished-at="2018-06-21T13:37:50Z">
    <groups>
    </groups>
    <test name="Command line test" duration-ms="0" started-at="2018-06-21T13:37:50Z" finished-at="2018-06-21T13:37:50Z">
    </test> <!-- Command line test -->
  </suite> <!-- TestMaven.Report.TestCase -->
</testng-results>
